2023-04-24 03:00:01     restart systemruntime too long ,we restart it...
2023-04-25 03:00:01     restart systemruntime too long ,we restart it...
2023-04-26 03:00:02     restart systemruntime too long ,we restart it...
2023-04-26 17:54:32     restart web2httpd CPU too high
2023-04-26 17:54:42     restart web2httpd
2023-04-27 03:00:08     restart systemruntime too long ,we restart it...
2023-04-27 16:58:25     restart loghfw
2023-04-28 03:00:01     restart systemruntime too long ,we restart it...
2023-04-28 10:12:07     restart web2httpd
2023-04-28 10:15:29     restart web2httpd
2023-04-28 14:41:11     restart web2httpd CPU too high
2023-04-28 14:41:21     restart web2httpd
2023-04-29 03:00:03     restart systemruntime too long ,we restart it...
2023-04-30 03:00:00     restart systemruntime too long ,we restart it...
2023-05-01 03:00:00     restart systemruntime too long ,we restart it...
2023-05-02 03:00:01     restart systemruntime too long ,we restart it...
2023-05-03 03:00:04     restart systemruntime too long ,we restart it...
2023-05-03 17:49:15     restart web2httpd CPU too high
2023-05-03 17:49:25     restart web2httpd
2023-05-04 03:00:01     restart systemruntime too long ,we restart it...
2023-05-05 03:00:06     restart systemruntime too long ,we restart it...
2023-05-06 03:00:07     restart systemruntime too long ,we restart it...
2023-05-06 16:38:02     restart loghfw
2023-05-06 16:39:02     restart web2httpd
2023-05-06 16:39:24     restart web2httpd
2023-05-07 03:00:03     restart systemruntime too long ,we restart it...
2023-05-08 03:00:03     restart systemruntime too long ,we restart it...
2023-05-09 03:00:04     restart systemruntime too long ,we restart it...
2023-05-10 03:00:06     restart systemruntime too long ,we restart it...
2023-05-10 11:19:44     restart web2httpd CPU too high
2023-05-10 11:19:54     restart web2httpd
2023-05-10 11:22:29     restart web2httpd CPU too high
2023-05-10 11:22:39     restart web2httpd
2023-05-11 03:00:04     restart systemruntime too long ,we restart it...
2023-05-12 03:00:05     restart systemruntime too long ,we restart it...
2023-05-13 03:00:07     restart systemruntime too long ,we restart it...
2023-05-14 03:00:08     restart systemruntime too long ,we restart it...
2023-05-15 03:00:02     restart systemruntime too long ,we restart it...
2023-05-16 03:00:07     restart systemruntime too long ,we restart it...
2023-05-17 03:00:08     restart systemruntime too long ,we restart it...
2023-05-17 11:13:54     restart web2httpd
2023-05-17 11:14:16     restart web2httpd
2023-05-17 11:15:38     restart web2httpd
2023-05-18 03:00:04     restart systemruntime too long ,we restart it...
2023-05-19 03:00:05     restart systemruntime too long ,we restart it...
2023-05-20 03:00:07     restart systemruntime too long ,we restart it...
2023-05-21 03:00:09     restart systemruntime too long ,we restart it...
2023-05-22 03:00:00     restart systemruntime too long ,we restart it...
2023-05-23 03:00:00     restart systemruntime too long ,we restart it...
2023-05-24 03:00:01     restart systemruntime too long ,we restart it...
2023-05-25 03:00:03     restart systemruntime too long ,we restart it...
2023-05-26 03:00:05     restart systemruntime too long ,we restart it...
2023-05-27 03:00:02     restart systemruntime too long ,we restart it...
2023-05-28 03:00:00     restart systemruntime too long ,we restart it...
2023-05-29 03:00:09     restart systemruntime too long ,we restart it...
2023-05-30 03:00:01     restart systemruntime too long ,we restart it...
2023-05-31 03:00:04     restart systemruntime too long ,we restart it...
2023-06-01 03:00:05     restart systemruntime too long ,we restart it...
2023-06-02 03:00:02     restart systemruntime too long ,we restart it...
2023-06-02 20:09:54     restart web2httpd CPU too high
2023-06-02 20:10:04     restart web2httpd
2023-06-03 03:00:06     restart systemruntime too long ,we restart it...
2023-06-03 10:49:45     restart web2httpd CPU too high
2023-06-03 10:49:55     restart web2httpd
2023-06-04 03:00:01     restart systemruntime too long ,we restart it...
2023-06-05 03:00:02     restart systemruntime too long ,we restart it...
2023-06-06 03:00:03     restart systemruntime too long ,we restart it...
2023-06-07 03:00:09     restart systemruntime too long ,we restart it...
2023-06-08 03:00:08     restart systemruntime too long ,we restart it...
2023-06-09 03:00:09     restart systemruntime too long ,we restart it...
2023-06-10 03:00:01     restart systemruntime too long ,we restart it...
2023-06-11 03:00:02     restart systemruntime too long ,we restart it...
2023-06-12 03:00:05     restart systemruntime too long ,we restart it...
2023-06-12 12:47:23     set ./admin/xdp_filter
2023-06-12 12:47:26     set ./admin/xdp_filter
2023-06-12 12:47:30     set ./admin/xdp_filter
2023-06-12 12:47:35     set ./admin/xdp_filter
